/*C1598*/SET SCHEMA PUBLIC
drop table if exists dbevent CASCADE 
create table dbevent (id varchar(255) not null, alert boolean, duration bigint, host varchar(255), type varchar(255), primary key (id))
/*C1601*/SET SCHEMA PUBLIC
INSERT INTO DBEVENT VALUES('scsmbstgrd',FALSE,1,NULL,NULL)
COMMIT
/*C1600*/SET SCHEMA PUBLIC
INSERT INTO DBEVENT VALUES('scsmbstgrc',TRUE,8,NULL,NULL)
COMMIT
/*C1599*/SET SCHEMA PUBLIC
INSERT INTO DBEVENT VALUES('scsmbstgra',TRUE,5,'12345','APPLICATION_LOG')
COMMIT
/*C1598*/INSERT INTO DBEVENT VALUES('scsmbstgrb',FALSE,3,NULL,NULL)
COMMIT
DISCONNECT
/*C1599*/DISCONNECT
/*C1600*/DISCONNECT
/*C1601*/DISCONNECT
/*C1602*/SET SCHEMA PUBLIC
DISCONNECT
/*C1603*/SET SCHEMA PUBLIC
DISCONNECT
/*C1604*/SET SCHEMA PUBLIC
DISCONNECT
/*C1605*/SET SCHEMA PUBLIC
DISCONNECT
/*C1606*/SET SCHEMA PUBLIC
DISCONNECT
/*C1607*/SET SCHEMA PUBLIC
DISCONNECT
/*C1608*/SET SCHEMA PUBLIC
drop table if exists dbevent CASCADE 
create table dbevent (id varchar(255) not null, alert boolean, duration bigint, host varchar(255), type varchar(255), primary key (id))
/*C1611*/SET SCHEMA PUBLIC
INSERT INTO DBEVENT VALUES('scsmbstgra',TRUE,5,'12345','APPLICATION_LOG')
COMMIT
/*C1609*/SET SCHEMA PUBLIC
INSERT INTO DBEVENT VALUES('scsmbstgrd',FALSE,1,NULL,NULL)
COMMIT
/*C1610*/SET SCHEMA PUBLIC
INSERT INTO DBEVENT VALUES('scsmbstgrc',TRUE,8,NULL,NULL)
COMMIT
/*C1608*/INSERT INTO DBEVENT VALUES('scsmbstgrb',FALSE,3,NULL,NULL)
COMMIT
DISCONNECT
/*C1609*/DISCONNECT
/*C1610*/DISCONNECT
/*C1611*/DISCONNECT
/*C1612*/SET SCHEMA PUBLIC
DISCONNECT
/*C1613*/SET SCHEMA PUBLIC
DISCONNECT
/*C1614*/SET SCHEMA PUBLIC
DISCONNECT
/*C1615*/SET SCHEMA PUBLIC
DISCONNECT
/*C1616*/SET SCHEMA PUBLIC
DISCONNECT
/*C1617*/SET SCHEMA PUBLIC
DISCONNECT
